0 info it worked if it ends with ok
1 verbose cli [ 'C:\\Program Files\\nodejs\\node.exe',
1 verbose cli   'C:\\Program Files\\nodejs\\node_modules\\npm\\bin\\npm-cli.js',
1 verbose cli   'run',
1 verbose cli   'tsc:w' ]
2 info using npm@3.10.3
3 info using node@v6.3.0
4 verbose run-script [ 'pretsc:w', 'tsc:w', 'posttsc:w' ]
5 info lifecycle angular2init@1.0.0~pretsc:w: angular2init@1.0.0
6 silly lifecycle angular2init@1.0.0~pretsc:w: no script for pretsc:w, continuing
7 info lifecycle angular2init@1.0.0~tsc:w: angular2init@1.0.0
8 verbose lifecycle angular2init@1.0.0~tsc:w: unsafe-perm in lifecycle true
9 verbose lifecycle angular2init@1.0.0~tsc:w: PATH: C:\Users\artcnx92\AppData\Roaming\nvm\v6.3.0\node_modules\npm\bin\node-gyp-bin;C:\Users\artcnx92\Desktop\Proyectos Front End\Encuestas\Angular\node_modules\.bin;C:\Program Files\nodejs;C:\Users\artcnx92\AppData\Roaming\nvm\v6.3.0\node_modules\npm\bin\node-gyp-bin;C:\Users\artcnx92\Desktop\Proyectos Front End\Encuestas\Angular\node_modules\.bin;C:\Program Files\nodejs;C:\app\artcnx92\product\11.2.0\dbhome_1\bin;C:\ProgramData\Oracle\Java\javapath;C:\WINDOWS\system32;C:\WINDOWS;C:\WINDOWS\System32\Wbem;C:\WINDOWS\System32\WindowsPowerShell\v1.0\;C:\Program Files (x86)\Microsoft ASP.NET\ASP.NET Web Pages\v1.0\;C:\Program Files (x86)\Windows Kits\8.0\Windows Performance Toolkit\;C:\Program Files\Microsoft SQL Server\110\Tools\Binn\;C:\mongodb\bin\;c:\Program Files (x86)\Microsoft SQL Server\100\Tools\Binn\;c:\Program Files\Microsoft SQL Server\100\Tools\Binn\;c:\Program Files\Microsoft SQL Server\100\DTS\Binn\;C:\Program Files\Microsoft SQL Server\120\Tools\Binn\;C:\Program Files\Microsoft SQL Server\Client SDK\ODBC\110\Tools\Binn\;C:\Program Files (x86)\Microsoft SQL Server\120\Tools\Binn\;C:\Program Files\Microsoft SQL Server\120\DTS\Binn\;C:\Program Files (x86)\Microsoft SQL Server\120\Tools\Binn\ManagementStudio\;C:\Program Files (x86)\Microsoft SQL Server\120\DTS\Binn\;C:\Program Files\Microsoft\Web Platform Installer\;C:\xampp\php;C:\ProgramData\ComposerSetup\bin;C:\Program Files (x86)\GtkSharp\2.12\bin;C:\Program Files\Git\cmd;C:\Program Files\Microsoft SQL Server\130\Tools\Binn\;C:\Program Files\dotnet\;C:\Program Files\Microsoft DNX\Dnvm\;C:\Program Files\MongoDB\Server\3.4\bin;C:\Program Files (x86)\Skype\Phone\;C:\Users\artcnx92\AppData\Roaming\nvm;C:\Program Files\nodejs;C:\Users\artcnx92\.dnx\bin;C:\Users\artcnx92\AppData\Local\Programs\Python\Python35-32\Scripts\;C:\Users\artcnx92\AppData\Local\Programs\Python\Python35-32\;C:\Users\artcnx92\AppData\Local\Microsoft\WindowsApps;C:\Users\artcnx92\AppData\Roaming\npm;C:\Program Files (x86)\Microsoft VS Code\bin;C:\Users\artcnx92\AppData\Roaming\nvm;C:\Program Files\nodejs
10 verbose lifecycle angular2init@1.0.0~tsc:w: CWD: C:\Users\artcnx92\Desktop\Proyectos Front End\Encuestas\Angular
11 silly lifecycle angular2init@1.0.0~tsc:w: Args: [ '/d /s /c', 'tsc -w' ]
12 silly lifecycle angular2init@1.0.0~tsc:w: Returned: code: 1  signal: null
13 info lifecycle angular2init@1.0.0~tsc:w: Failed to exec tsc:w script
14 verbose stack Error: angular2init@1.0.0 tsc:w: `tsc -w`
14 verbose stack Exit status 1
14 verbose stack     at EventEmitter.<anonymous> (C:\Users\artcnx92\AppData\Roaming\nvm\v6.3.0\node_modules\npm\lib\utils\lifecycle.js:242:16)
14 verbose stack     at emitTwo (events.js:106:13)
14 verbose stack     at EventEmitter.emit (events.js:191:7)
14 verbose stack     at ChildProcess.<anonymous> (C:\Users\artcnx92\AppData\Roaming\nvm\v6.3.0\node_modules\npm\lib\utils\spawn.js:40:14)
14 verbose stack     at emitTwo (events.js:106:13)
14 verbose stack     at ChildProcess.emit (events.js:191:7)
14 verbose stack     at maybeClose (internal/child_process.js:852:16)
14 verbose stack     at Process.ChildProcess._handle.onexit (internal/child_process.js:215:5)
15 verbose pkgid angular2init@1.0.0
16 verbose cwd C:\Users\artcnx92\Desktop\Proyectos Front End\Encuestas\Angular
17 error Windows_NT 10.0.14393
18 error argv "C:\\Program Files\\nodejs\\node.exe" "C:\\Program Files\\nodejs\\node_modules\\npm\\bin\\npm-cli.js" "run" "tsc:w"
19 error node v6.3.0
20 error npm  v3.10.3
21 error code ELIFECYCLE
22 error angular2init@1.0.0 tsc:w: `tsc -w`
22 error Exit status 1
23 error Failed at the angular2init@1.0.0 tsc:w script 'tsc -w'.
23 error Make sure you have the latest version of node.js and npm installed.
23 error If you do, this is most likely a problem with the angular2init package,
23 error not with npm itself.
23 error Tell the author that this fails on your system:
23 error     tsc -w
23 error You can get information on how to open an issue for this project with:
23 error     npm bugs angular2init
23 error Or if that isn't available, you can get their info via:
23 error     npm owner ls angular2init
23 error There is likely additional logging output above.
24 verbose exit [ 1, true ]
